<?xml version="1.0" encoding="UTF-8"?>
<testsuite name="SILab2Test" tests="4" skipped="0" failures="0" errors="0" timestamp="2021-05-23T16:33:05" hostname="DESKTOP-DMV8I0J" time="0.019">
  <properties/>
  <testcase name="functionTest()" classname="SILab2Test" time="0.015"/>
  <testcase name="functionTestRuntimeExceptions2()" classname="SILab2Test" time="0.001"/>
  <testcase name="functionTestRuntimeExceptions()" classname="SILab2Test" time="0.0"/>
  <testcase name="functionTest2()" classname="SILab2Test" time="0.001"/>
  <system-out><![CDATA[]]></system-out>
  <system-err><![CDATA[]]></system-err>
</testsuite>
